0 info it worked if it ends with ok
1 verbose cli [ 'node',
1 verbose cli   '/home/dany/.npm-packages/bin/npm',
1 verbose cli   'install',
1 verbose cli   '-g',
1 verbose cli   'generator-angular-fullstack' ]
2 info using npm@2.12.1
3 info using node@v0.10.40
4 verbose node symlink /usr/bin/node
5 verbose install initial load of /usr/local/bin/lib/package.json
6 verbose readDependencies loading dependencies from /usr/local/bin/lib/package.json
7 silly cache add args [ 'generator-angular-fullstack', null ]
8 verbose cache add spec generator-angular-fullstack
9 silly cache add parsed spec { raw: 'generator-angular-fullstack',
9 silly cache add   scope: null,
9 silly cache add   name: 'generator-angular-fullstack',
9 silly cache add   rawSpec: '',
9 silly cache add   spec: '*',
9 silly cache add   type: 'range' }
10 silly addNamed generator-angular-fullstack@*
11 verbose addNamed "*" is a valid semver range for generator-angular-fullstack
12 silly addNameRange { name: 'generator-angular-fullstack',
12 silly addNameRange   range: '*',
12 silly addNameRange   hasData: false }
13 silly mapToRegistry name generator-angular-fullstack
14 silly mapToRegistry using default registry
15 silly mapToRegistry registry https://registry.npmjs.org/
16 silly mapToRegistry uri https://registry.npmjs.org/generator-angular-fullstack
17 verbose addNameRange registry:https://registry.npmjs.org/generator-angular-fullstack not in flight; fetching
18 verbose request uri https://registry.npmjs.org/generator-angular-fullstack
19 verbose request no auth needed
20 info attempt registry request try #1 at 15:10:23
21 verbose request id 0c536c4ec7de5969
22 verbose etag "456LRVUZFHVKNMUBI2A3JYH54"
23 http request GET https://registry.npmjs.org/generator-angular-fullstack
24 http 304 https://registry.npmjs.org/generator-angular-fullstack
25 silly get cb [ 304,
25 silly get   { date: 'Mon, 03 Aug 2015 08:10:23 GMT',
25 silly get     via: '1.1 varnish',
25 silly get     'cache-control': 'max-age=60',
25 silly get     etag: '"456LRVUZFHVKNMUBI2A3JYH54"',
25 silly get     age: '0',
25 silly get     connection: 'keep-alive',
25 silly get     'x-served-by': 'cache-sin6927-SIN',
25 silly get     'x-cache': 'MISS',
25 silly get     'x-cache-hits': '0',
25 silly get     'x-timer': 'S1438589423.259149,VS0,VE204',
25 silly get     vary: 'Accept' } ]
26 verbose etag https://registry.npmjs.org/generator-angular-fullstack from cache
27 verbose get saving generator-angular-fullstack to /home/dany/.npm/registry.npmjs.org/generator-angular-fullstack/.cache.json
28 silly addNameRange number 2 { name: 'generator-angular-fullstack',
28 silly addNameRange   range: '*',
28 silly addNameRange   hasData: true }
29 silly addNameRange versions [ 'generator-angular-fullstack',
29 silly addNameRange   [ '0.0.1',
29 silly addNameRange     '0.0.2',
29 silly addNameRange     '0.0.3',
29 silly addNameRange     '0.0.4',
29 silly addNameRange     '0.0.5',
29 silly addNameRange     '0.1.0',
29 silly addNameRange     '0.2.0',
29 silly addNameRange     '1.0.0',
29 silly addNameRange     '1.0.1',
29 silly addNameRange     '1.1.0',
29 silly addNameRange     '1.1.1',
29 silly addNameRange     '1.2.0',
29 silly addNameRange     '1.2.1',
29 silly addNameRange     '1.2.2',
29 silly addNameRange     '1.2.3',
29 silly addNameRange     '1.2.4',
29 silly addNameRange     '1.2.5',
29 silly addNameRange     '1.2.6',
29 silly addNameRange     '1.2.7',
29 silly addNameRange     '1.3.0',
29 silly addNameRange     '1.3.1',
29 silly addNameRange     '1.3.2',
29 silly addNameRange     '1.3.3',
29 silly addNameRange     '1.4.0',
29 silly addNameRange     '1.4.1',
29 silly addNameRange     '1.4.2',
29 silly addNameRange     '1.4.3',
29 silly addNameRange     '2.0.0-rc1',
29 silly addNameRange     '2.0.0',
29 silly addNameRange     '2.0.1',
29 silly addNameRange     '2.0.2',
29 silly addNameRange     '2.0.3',
29 silly addNameRange     '2.0.4',
29 silly addNameRange     '2.0.5',
29 silly addNameRange     '2.0.6',
29 silly addNameRange     '2.0.7',
29 silly addNameRange     '2.0.8',
29 silly addNameRange     '2.0.9',
29 silly addNameRange     '2.0.10',
29 silly addNameRange     '2.0.11',
29 silly addNameRange     '2.0.12',
29 silly addNameRange     '2.0.13',
29 silly addNameRange     '2.1.0',
29 silly addNameRange     '2.1.1' ] ]
30 silly addNamed generator-angular-fullstack@2.1.1
31 verbose addNamed "2.1.1" is a plain semver version for generator-angular-fullstack
32 silly cache afterAdd generator-angular-fullstack@2.1.1
33 verbose afterAdd /home/dany/.npm/generator-angular-fullstack/2.1.1/package/package.json not in flight; writing
34 verbose afterAdd /home/dany/.npm/generator-angular-fullstack/2.1.1/package/package.json written
35 silly install resolved [ { name: 'generator-angular-fullstack',
35 silly install resolved     version: '2.1.1',
35 silly install resolved     description: 'Yeoman generator for creating MEAN stack applications, using MongoDB, Express, AngularJS, and Node',
35 silly install resolved     keywords:
35 silly install resolved      [ 'yeoman-generator',
35 silly install resolved        'mean',
35 silly install resolved        'mongodb',
35 silly install resolved        'angularjs',
35 silly install resolved        'express',
35 silly install resolved        'scaffold',
35 silly install resolved        'fullstack',
35 silly install resolved        'framework',
35 silly install resolved        'component',
35 silly install resolved        'front-end',
35 silly install resolved        'app' ],
35 silly install resolved     homepage: 'https://github.com/DaftMonk/generator-angular-fullstack',
35 silly install resolved     bugs: { url: 'https://github.com/DaftMonk/generator-angular-fullstack/issues' },
35 silly install resolved     author: { name: 'Tyler Henkel' },
35 silly install resolved     repository:
35 silly install resolved      { type: 'git',
35 silly install resolved        url: 'git://github.com/DaftMonk/generator-angular-fullstack.git' },
35 silly install resolved     scripts: { test: 'grunt test' },
35 silly install resolved     dependencies:
35 silly install resolved      { 'yeoman-generator': '~0.17.0',
35 silly install resolved        chalk: '~0.4.0',
35 silly install resolved        wiredep: '~0.4.2',
35 silly install resolved        'generator-ng-component': '~0.0.4' },
35 silly install resolved     peerDependencies: { yo: '>=1.2.0' },
35 silly install resolved     devDependencies:
35 silly install resolved      { chai: '^1.9.1',
35 silly install resolved        'fs-extra': '^0.9.1',
35 silly install resolved        grunt: '~0.4.1',
35 silly install resolved        'grunt-build-control': 'github:daftmonk/grunt-build-control',
35 silly install resolved        'grunt-contrib-clean': '^0.6.0',
35 silly install resolved        'grunt-contrib-jshint': '^0.10.0',
35 silly install resolved        'grunt-conventional-changelog': '~1.0.0',
35 silly install resolved        'grunt-mocha-test': '^0.11.0',
35 silly install resolved        'grunt-release': '~0.6.0',
35 silly install resolved        'load-grunt-tasks': '~0.2.0',
35 silly install resolved        marked: '~0.2.8',
35 silly install resolved        mocha: '~1.21.0',
35 silly install resolved        q: '^1.0.1',
35 silly install resolved        semver: '~2.2.1',
35 silly install resolved        shelljs: '^0.3.0',
35 silly install resolved        'underscore.string': '^2.3.3' },
35 silly install resolved     engines: { node: '>=0.10.0', npm: '>=1.2.10' },
35 silly install resolved     licenses: [ [Object] ],
35 silly install resolved     gitHead: 'e9d3a3e34268519f6992f285112f0edc8284dbb1',
35 silly install resolved     _id: 'generator-angular-fullstack@2.1.1',
35 silly install resolved     _shasum: 'cc4a96512e07b327ea56fc54b1c5fb60a9b88ca6',
35 silly install resolved     _from: 'generator-angular-fullstack@*',
35 silly install resolved     _npmVersion: '2.11.3',
35 silly install resolved     _nodeVersion: '0.12.7',
35 silly install resolved     _npmUser: { name: 'awk34', email: 'koroluka@gmail.com' },
35 silly install resolved     dist:
35 silly install resolved      { shasum: 'cc4a96512e07b327ea56fc54b1c5fb60a9b88ca6',
35 silly install resolved        tarball: 'http://registry.npmjs.org/generator-angular-fullstack/-/generator-angular-fullstack-2.1.1.tgz' },
35 silly install resolved     maintainers: [ [Object], [Object] ],
35 silly install resolved     directories: {},
35 silly install resolved     _resolved: 'https://registry.npmjs.org/generator-angular-fullstack/-/generator-angular-fullstack-2.1.1.tgz',
35 silly install resolved     readme: 'ERROR: No README data found!' } ]
36 info install generator-angular-fullstack@2.1.1 into /usr/local/bin/lib
37 info installOne generator-angular-fullstack@2.1.1
38 verbose installOne of generator-angular-fullstack to /usr/local/bin/lib not in flight; installing
39 verbose lock using /home/dany/.npm/_locks/generator-angular-fullst-4ecf318792c3227b.lock for /usr/local/bin/lib/node_modules/generator-angular-fullstack
40 silly install write writing generator-angular-fullstack 2.1.1 to /usr/local/bin/lib/node_modules/generator-angular-fullstack
41 verbose unbuild lib/node_modules/generator-angular-fullstack
42 silly gentlyRm /usr/local/bin/lib/node_modules/generator-angular-fullstack is being purged from base /usr/local/bin
43 verbose gentlyRm don't care about contents; nuking /usr/local/bin/lib/node_modules/generator-angular-fullstack
44 verbose tar unpack /home/dany/.npm/generator-angular-fullstack/2.1.1/package.tgz
45 verbose tar unpacking to /usr/local/bin/lib/node_modules/generator-angular-fullstack
46 silly gentlyRm /usr/local/bin/lib/node_modules/generator-angular-fullstack is being purged
47 verbose gentlyRm don't care about contents; nuking /usr/local/bin/lib/node_modules/generator-angular-fullstack
48 silly gunzTarPerm modes [ '755', '644' ]
49 error tar.unpack untar error /home/dany/.npm/generator-angular-fullstack/2.1.1/package.tgz
50 verbose unlock done using /home/dany/.npm/_locks/generator-angular-fullst-4ecf318792c3227b.lock for /usr/local/bin/lib/node_modules/generator-angular-fullstack
51 verbose fstream_path /usr/local/bin/lib/node_modules/generator-angular-fullstack
52 verbose fstream_type Directory
53 verbose fstream_class DirWriter
54 verbose stack Error: EACCES, mkdir '/usr/local/bin/lib/node_modules/generator-angular-fullstack'
55 verbose fstream_stack /home/dany/.npm-packages/lib/node_modules/npm/node_modules/fstream/lib/dir-writer.js:35:25
55 verbose fstream_stack /home/dany/.npm-packages/lib/node_modules/npm/node_modules/mkdirp/index.js:47:53
55 verbose fstream_stack Object.oncomplete (fs.js:108:15)
56 verbose cwd /home/dany/workdir/cloudsfm
57 error Linux 3.13.0-37-generic
58 error argv "node" "/home/dany/.npm-packages/bin/npm" "install" "-g" "generator-angular-fullstack"
59 error node v0.10.40
60 error npm  v2.12.1
61 error path /usr/local/bin/lib/node_modules/generator-angular-fullstack
62 error code EACCES
63 error errno 3
64 error Error: EACCES, mkdir '/usr/local/bin/lib/node_modules/generator-angular-fullstack'
64 error  { [Error: EACCES, mkdir '/usr/local/bin/lib/node_modules/generator-angular-fullstack']
64 error   errno: 3,
64 error   code: 'EACCES',
64 error   path: '/usr/local/bin/lib/node_modules/generator-angular-fullstack',
64 error   fstream_type: 'Directory',
64 error   fstream_path: '/usr/local/bin/lib/node_modules/generator-angular-fullstack',
64 error   fstream_class: 'DirWriter',
64 error   fstream_stack:
64 error    [ '/home/dany/.npm-packages/lib/node_modules/npm/node_modules/fstream/lib/dir-writer.js:35:25',
64 error      '/home/dany/.npm-packages/lib/node_modules/npm/node_modules/mkdirp/index.js:47:53',
64 error      'Object.oncomplete (fs.js:108:15)' ] }
65 error Please try running this command again as root/Administrator.
66 verbose exit [ 3, true ]
67 verbose unbuild lib/node_modules/generator-angular-fullstack
68 silly gentlyRm /usr/local/bin/lib/node_modules/generator-angular-fullstack is being purged from base /usr/local/bin
69 verbose gentlyRm don't care about contents; nuking /usr/local/bin/lib/node_modules/generator-angular-fullstack
